C:\USERS\EMIL\DESKTOP\PRAKTIKUM\KORERE\RERE-SERVER\SERVER\OBJ\MAIN.OBJ
C:\USERS\EMIL\DESKTOP\PRAKTIKUM\KORERE\RERE-SERVER\SERVER\OBJ\RTSPONDEMANDSERVER.OBJ
C:\USERS\EMIL\DESKTOP\PRAKTIKUM\KORERE\RERE-SERVER\SERVER\OBJ\STREAMER.OBJ
C:\USERS\EMIL\DESKTOP\PRAKTIKUM\KORERE\RERE-SERVER\SERVER\OBJ\ENCODER.OBJ
C:\USERS\EMIL\DESKTOP\PRAKTIKUM\KORERE\RERE-SERVER\SERVER\OBJ\H264LIVEVIDEOSUBSESSION.OBJ
C:\USERS\EMIL\DESKTOP\PRAKTIKUM\KORERE\RERE-SERVER\SERVER\OBJ\H264FRAMEDSOURCE.OBJ
C:\USERS\EMIL\DESKTOP\PRAKTIKUM\KORERE\RERE-SERVER\BIN\SERVER.PDB
C:\Users\Emil\Desktop\Praktikum\KoReRE\ReRe-Server\Server\obj\Encoder.obj
C:\Users\Emil\Desktop\Praktikum\KoReRE\ReRe-Server\Server\obj\H264FramedSource.obj
C:\Users\Emil\Desktop\Praktikum\KoReRE\ReRe-Server\Server\obj\H264LiveVideoSubsession.obj
C:\Users\Emil\Desktop\Praktikum\KoReRE\ReRe-Server\Server\obj\main.obj
C:\Users\Emil\Desktop\Praktikum\KoReRE\ReRe-Server\Server\obj\RTSPOnDemandServer.obj
C:\Users\Emil\Desktop\Praktikum\KoReRE\ReRe-Server\Server\obj\Streamer.obj
C:\Users\Emil\Desktop\Praktikum\KoReRE\ReRe-Server\Server\obj\cl.command.1.tlog
C:\Users\Emil\Desktop\Praktikum\KoReRE\ReRe-Server\Server\obj\CL.read.1.tlog
C:\Users\Emil\Desktop\Praktikum\KoReRE\ReRe-Server\Server\obj\CL.write.1.tlog
C:\Users\Emil\Desktop\Praktikum\KoReRE\ReRe-Server\Server\obj\link-cvtres.read.1.tlog
C:\Users\Emil\Desktop\Praktikum\KoReRE\ReRe-Server\Server\obj\link-cvtres.write.1.tlog
C:\Users\Emil\Desktop\Praktikum\KoReRE\ReRe-Server\Server\obj\link-rc.read.1.tlog
C:\Users\Emil\Desktop\Praktikum\KoReRE\ReRe-Server\Server\obj\link-rc.write.1.tlog
C:\Users\Emil\Desktop\Praktikum\KoReRE\ReRe-Server\Server\obj\link.3044-cvtres.read.1.tlog
C:\Users\Emil\Desktop\Praktikum\KoReRE\ReRe-Server\Server\obj\link.3044-cvtres.write.1.tlog
C:\Users\Emil\Desktop\Praktikum\KoReRE\ReRe-Server\Server\obj\link.3044-rc.read.1.tlog
C:\Users\Emil\Desktop\Praktikum\KoReRE\ReRe-Server\Server\obj\link.3044-rc.write.1.tlog
C:\Users\Emil\Desktop\Praktikum\KoReRE\ReRe-Server\Server\obj\link.3044.read.1.tlog
C:\Users\Emil\Desktop\Praktikum\KoReRE\ReRe-Server\Server\obj\link.3044.write.1.tlog
C:\Users\Emil\Desktop\Praktikum\KoReRE\ReRe-Server\Server\obj\link.5832-cvtres.read.1.tlog
C:\Users\Emil\Desktop\Praktikum\KoReRE\ReRe-Server\Server\obj\link.5832-cvtres.write.1.tlog
C:\Users\Emil\Desktop\Praktikum\KoReRE\ReRe-Server\Server\obj\link.5832-rc.read.1.tlog
C:\Users\Emil\Desktop\Praktikum\KoReRE\ReRe-Server\Server\obj\link.5832-rc.write.1.tlog
C:\Users\Emil\Desktop\Praktikum\KoReRE\ReRe-Server\Server\obj\link.5832.read.1.tlog
C:\Users\Emil\Desktop\Praktikum\KoReRE\ReRe-Server\Server\obj\link.5832.write.1.tlog
C:\Users\Emil\Desktop\Praktikum\KoReRE\ReRe-Server\Server\obj\link.command.1.tlog
C:\Users\Emil\Desktop\Praktikum\KoReRE\ReRe-Server\Server\obj\link.read.1.tlog
C:\Users\Emil\Desktop\Praktikum\KoReRE\ReRe-Server\Server\obj\link.write.1.tlog
